[MusicLib] 2025/02/26 01:00:08 post.go:67: error the provided hex string is not a valid ObjectID
[MusicLib] 2025/02/26 01:01:15 main.go:42: Received signal: %v, shutting down... interrupt
[MusicLib] 2025/02/26 01:01:15 main.go:49: Shutdown complete
[MusicLib] 2025/02/26 01:01:22 post.go:67: error the provided hex string is not a valid ObjectID
[MusicLib] 2025/02/26 01:02:07 service.go:86: map[count:1 page:1 pageSize:10]
[MusicLib] 2025/02/26 01:03:37 main.go:42: Received signal: interrupt, shutting down...
[MusicLib] 2025/02/26 01:03:37 main.go:49: Shutdown complete
[MusicLib] 2025/02/26 01:03:46 service.go:86: map[count:1 page:1 pageSize:10]
[MusicLib] 2025/02/26 01:04:02 post.go:67: error the provided hex string is not a valid ObjectID the provided hex string is not a valid ObjectID
[MusicLib] 2025/02/26 01:05:53 service.go:86: map[count:1 page:1 pageSize:10]
[MusicLib] 2025/02/26 01:06:17 service.go:122: map[id:67be19e4146f5955859b8011 update:map[created_at:2025-02-25T19:28:36.492Z creator_id:000000000000000000000000 delete_at:2025-02-27T01:28:36.492Z description:This was my first post! id:67be19e4146f5955859b8011 picture:<nil> tags:[golang mongodb gin]] updaterID:000000000000000000000000]
[MusicLib] 2025/02/26 01:06:43 service.go:122: map[id:67be19e4146f5955859b8011 update:map[created_at:2025-02-25T19:28:36.492Z creator_id:000000000000000000000000 delete_at:2025-02-27T01:28:36.492Z description:This is my first post! id:67be19e4146f5955859b8011 picture:<nil> tags:[golang mongodb gin]] updaterID:000000000000000000000000]
[MusicLib] 2025/02/26 01:06:57 service.go:86: map[count:1 page:1 pageSize:10]
[MusicLib] 2025/02/26 01:07:16 post.go:67: error the provided hex string is not a valid ObjectID the provided hex string is not a valid ObjectID
[MusicLib] 2025/02/26 01:07:26 post.go:67: error the provided hex string is not a valid ObjectID the provided hex string is not a valid ObjectID
[MusicLib] 2025/02/26 01:07:43 main.go:42: Received signal: interrupt, shutting down...
[MusicLib] 2025/02/26 01:07:43 main.go:49: Shutdown complete
[MusicLib] 2025/02/26 01:07:51 service.go:105: id 67be19e4146f5955859b8011
[MusicLib] 2025/02/26 01:08:08 service.go:58: id 67be19e4146f5955859b8011
[MusicLib] 2025/02/26 01:08:25 service.go:98: map[error:post not found id:67be19e4146f5955859b8011]
[MusicLib] 2025/02/26 01:25:15 main.go:42: Received signal: interrupt, shutting down...
[MusicLib] 2025/02/26 01:25:15 main.go:49: Shutdown complete
[MusicLib] 2025/02/26 02:22:23 main.go:42: Received signal: interrupt, shutting down...
[MusicLib] 2025/02/26 02:22:23 main.go:49: Shutdown complete
[MusicLib] 2025/02/26 02:23:45 user.go:30: Error parsing user data: Key: 'User.Status' Error:Field validation for 'Status' failed on the 'required' tag
[MusicLib] 2025/02/26 02:24:00 main.go:42: Received signal: interrupt, shutting down...
[MusicLib] 2025/02/26 02:24:00 main.go:49: Shutdown complete
[MusicLib] 2025/02/26 02:24:43 user.go:30: Error parsing user data: Key: 'User.Status' Error:Field validation for 'Status' failed on the 'oneof' tag
[MusicLib] 2025/02/26 02:24:54 main.go:42: Received signal: interrupt, shutting down...
[MusicLib] 2025/02/26 02:24:54 main.go:49: Shutdown complete
[MusicLib] 2025/02/26 02:25:14 user.go:25: Creating new user...
[MusicLib] 2025/02/26 02:25:14 user.go:29: Error creating user: user password must be at least 8 characters long
[MusicLib] 2025/02/26 02:25:14 user.go:38: Error creating user: user password must be at least 8 characters long
[MusicLib] 2025/02/26 02:26:10 user.go:25: Creating new user...
[MusicLib] 2025/02/26 02:26:10 user.go:29: Error creating user: user password must be at least 8 characters long
[MusicLib] 2025/02/26 02:26:10 user.go:38: Error creating user: user password must be at least 8 characters long
[MusicLib] 2025/02/26 02:26:54 main.go:42: Received signal: interrupt, shutting down...
[MusicLib] 2025/02/26 02:26:54 main.go:49: Shutdown complete
[MusicLib] 2025/02/26 02:27:00 user.go:36:  0
[MusicLib] 2025/02/26 02:27:00 user.go:25: Creating new user...
[MusicLib] 2025/02/26 02:27:00 user.go:29: Error creating user: user password must be at least 8 characters long
[MusicLib] 2025/02/26 02:27:00 user.go:40: Error creating user: user password must be at least 8 characters long
[MusicLib] 2025/02/26 02:27:24 main.go:42: Received signal: interrupt, shutting down...
[MusicLib] 2025/02/26 02:27:24 main.go:49: Shutdown complete
[MusicLib] 2025/02/26 02:30:31 user.go:36:  0
[MusicLib] 2025/02/26 02:30:31 user.go:25: Creating new user...
[MusicLib] 2025/02/26 02:30:31 user.go:29: Error creating user: user password must be at least 8 characters long
[MusicLib] 2025/02/26 02:30:31 user.go:40: Error creating user: user password must be at least 8 characters long
[MusicLib] 2025/02/26 02:30:35 main.go:42: Received signal: interrupt, shutting down...
[MusicLib] 2025/02/26 02:30:35 main.go:49: Shutdown complete
[MusicLib] 2025/02/26 02:38:17 user.go:36:  0
[MusicLib] 2025/02/26 02:38:17 user.go:25: Creating new user...
[MusicLib] 2025/02/26 02:38:17 user.go:29: Error creating user: user password must be at least 8 characters long
[MusicLib] 2025/02/26 02:38:17 user.go:40: Error creating user: user password must be at least 8 characters long
[MusicLib] 2025/02/26 02:38:26 main.go:42: Received signal: interrupt, shutting down...
[MusicLib] 2025/02/26 02:38:26 main.go:49: Shutdown complete
[MusicLib] 2025/02/26 02:39:40 user.go:37:  0
[MusicLib] 2025/02/26 02:39:40 user.go:25: Creating new user...
[MusicLib] 2025/02/26 02:39:40 user.go:29: Error creating user: user password must be at least 8 characters long
[MusicLib] 2025/02/26 02:39:40 user.go:41: Error creating user: user password must be at least 8 characters long
[MusicLib] 2025/02/26 02:40:16 main.go:42: Received signal: interrupt, shutting down...
[MusicLib] 2025/02/26 02:40:16 main.go:49: Shutdown complete
[MusicLib] 2025/02/26 02:40:22 user.go:37: password_ 9
[MusicLib] 2025/02/26 02:40:22 user.go:25: Creating new user...
[MusicLib] 2025/02/26 02:40:22 user.go:33: User created successfully, ID: 000000000000000000000000
[MusicLib] 2025/02/26 02:41:22 user.go:121: Validating JWT token...
[MusicLib] 2025/02/26 02:41:22 user.go:125: Invalid JWT token: tokenstring should not contain 'bearer '
[MusicLib] 2025/02/26 02:41:22 middleware.go:25: Invalid token: tokenstring should not contain 'bearer '
[MusicLib] 2025/02/26 02:46:41 main.go:42: Received signal: interrupt, shutting down...
[MusicLib] 2025/02/26 02:46:41 main.go:49: Shutdown complete
[MusicLib] 2025/02/26 02:46:46 middleware.go:16: Bearer eyJhbGciOiJIUzI1NiIsInR5cCI6IkpXVCJ9.eyJleHAiOjE3NDA2MDYwMjIsImlhdCI6MTc0MDUxOTYyMiwidXNlcl9pZCI6IjAwMDAwMDAwMDAwMDAwMDAwMDAwMDAwMCJ9.n45ZVdTjBCZDhq11iWZeeDlpjTkn3bwBTbegqQuLDCM
[MusicLib] 2025/02/26 02:46:46 user.go:121: Validating JWT token...
[MusicLib] 2025/02/26 02:46:46 user.go:125: Invalid JWT token: tokenstring should not contain 'bearer '
[MusicLib] 2025/02/26 02:46:46 middleware.go:26: Invalid token: tokenstring should not contain 'bearer '
[MusicLib] 2025/02/26 02:46:56 main.go:42: Received signal: interrupt, shutting down...
[MusicLib] 2025/02/26 02:46:56 main.go:49: Shutdown complete
[MusicLib] 2025/02/26 02:48:00 user.go:121: Validating JWT token...
[MusicLib] 2025/02/26 02:48:00 user.go:129: JWT token validated successfully, user ID: 000000000000000000000000
[MusicLib] 2025/02/26 02:48:00 user.go:66: Fetching user by username: john_doe
[MusicLib] 2025/02/26 03:05:08 main.go:42: Received signal: interrupt, shutting down...
[MusicLib] 2025/02/26 03:05:08 main.go:49: Shutdown complete
[MusicLib] 2025/02/26 03:05:41 user.go:42: Error creating user: invalid username or password
[MusicLib] 2025/02/26 03:05:41 user.go:64: Error creating user: invalid username or password
[MusicLib] 2025/02/26 03:06:36 main.go:42: Received signal: interrupt, shutting down...
[MusicLib] 2025/02/26 03:06:36 main.go:49: Shutdown complete
[MusicLib] 2025/02/26 03:06:41 user.go:42: Error creating user: invalid username or password
[MusicLib] 2025/02/26 03:06:41 user.go:64: Error logging in user: invalid username or password
[MusicLib] 2025/02/26 03:08:29 main.go:42: Received signal: interrupt, shutting down...
[MusicLib] 2025/02/26 03:08:29 main.go:49: Shutdown complete
[MusicLib] 2025/02/26 03:08:36 user.go:42: Error creating user: invalid username or password
[MusicLib] 2025/02/26 03:08:36 user.go:64: Error logging in user: invalid username or password
[MusicLib] 2025/02/26 03:09:20 main.go:42: Received signal: interrupt, shutting down...
[MusicLib] 2025/02/26 03:09:20 main.go:49: Shutdown complete
[MusicLib] 2025/02/26 03:09:28 user.go:42: Error creating user: invalid username or password
[MusicLib] 2025/02/26 03:09:28 user.go:64: Error logging in user: invalid username or password
[MusicLib] 2025/02/26 03:10:45 main.go:42: Received signal: interrupt, shutting down...
[MusicLib] 2025/02/26 03:10:45 main.go:49: Shutdown complete
[MusicLib] 2025/02/26 03:10:53 user.go:42: Error creating user: invalid username or password
[MusicLib] 2025/02/26 03:10:53 user.go:64: Error logging in user: invalid username or password
[MusicLib] 2025/02/26 03:12:14 main.go:42: Received signal: interrupt, shutting down...
[MusicLib] 2025/02/26 03:12:14 main.go:49: Shutdown complete
[MusicLib] 2025/02/26 03:12:22 user.go:46: User logged in successfully, ID: john_doe
[MusicLib] 2025/02/26 03:12:48 user.go:42: Error creating user: invalid username or password
[MusicLib] 2025/02/26 03:12:48 user.go:64: Error logging in user: invalid username or password
[MusicLib] 2025/02/26 03:13:40 main.go:42: Received signal: interrupt, shutting down...
[MusicLib] 2025/02/26 03:13:40 main.go:49: Shutdown complete
